<?xml version="1.0" encoding="UTF-8"?>
<testsuite name="InvoiceServiceTest" tests="5" skipped="0" failures="0" errors="0" timestamp="2021-04-02T16:30:19" hostname="DESKTOP-2DC5FKU" time="0.034">
  <properties/>
  <testcase name="givenMultipleValue_ShouldReturnTotalFare()" classname="InvoiceServiceTest" time="0.023"/>
  <testcase name="givenLessDistanceAndTime_ShouldReturnMinFare()" classname="InvoiceServiceTest" time="0.002"/>
  <testcase name="givenUserIDAndRides_ShouldReturnEnhancedInvoice()" classname="InvoiceServiceTest" time="0.004"/>
  <testcase name="givenMultipleValues_ShouldReturnEnhancedInvoice()" classname="InvoiceServiceTest" time="0.001"/>
  <testcase name="givenDistanceAndTime_ShouldReturnTotalFare()" classname="InvoiceServiceTest" time="0.001"/>
  <system-out><![CDATA[]]></system-out>
  <system-err><![CDATA[]]></system-err>
</testsuite>
