<?xml version="1.0" encoding="UTF-8"?>
<testsuite name="InvoiceServiceTest" tests="1" skipped="0" failures="0" errors="0" timestamp="2021-04-02T13:40:35" hostname="DESKTOP-2DC5FKU" time="0.026">
  <properties/>
  <testcase name="givenMultipleValues_ShouldReturnEnhancedInvoice()" classname="InvoiceServiceTest" time="0.026"/>
  <system-out><![CDATA[]]></system-out>
  <system-err><![CDATA[]]></system-err>
</testsuite>
