<?xml version="1.0" encoding="UTF-8"?>
<testsuite name="InvoiceServiceTest" tests="6" skipped="0" failures="0" errors="0" timestamp="2021-04-02T17:24:05" hostname="DESKTOP-2DC5FKU" time="0.037">
  <properties/>
  <testcase name="givenMultipleValue_ShouldReturnTotalFare()" classname="InvoiceServiceTest" time="0.021"/>
  <testcase name="givenLessDistanceAndTime_ShouldReturnMinFare()" classname="InvoiceServiceTest" time="0.002"/>
  <testcase name="givenUserIDAndRides_whenPremiumUser_ShouldReturnEnhancedInvoice()" classname="InvoiceServiceTest" time="0.003"/>
  <testcase name="givenUserIDAndRides_ShouldReturnEnhancedInvoice()" classname="InvoiceServiceTest" time="0.002"/>
  <testcase name="givenMultipleValues_ShouldReturnEnhancedInvoice()" classname="InvoiceServiceTest" time="0.001"/>
  <testcase name="givenDistanceAndTime_ShouldReturnTotalFare()" classname="InvoiceServiceTest" time="0.0"/>
  <system-out><![CDATA[]]></system-out>
  <system-err><![CDATA[]]></system-err>
</testsuite>
